[0m11:58:32.642048 [debug] [MainThread]: Sending event: {'category': 'dbt', 'action': 'invocation', 'label': 'start', 'context': [<snowplow_tracker.self_describing_json.SelfDescribingJson object at 0x0000024E2B819730>, <snowplow_tracker.self_describing_json.SelfDescribingJson object at 0x0000024E2AE97620>, <snowplow_tracker.self_describing_json.SelfDescribingJson object at 0x0000024E2B2FE1E0>]}


============================== 11:58:32.646048 | 883fce5f-4f14-4e5a-81dc-c6123038111b ==============================
[0m11:58:32.646048 [info ] [MainThread]: Running with dbt=1.9.4
[0m11:58:32.646048 [debug] [MainThread]: running dbt with arguments {'printer_width': '80', 'indirect_selection': 'eager', 'log_cache_events': 'False', 'write_json': 'True', 'partial_parse': 'True', 'cache_selected_only': 'False', 'profiles_dir': 'C:\\Users\\krjam\\.dbt', 'version_check': 'True', 'warn_error': 'None', 'log_path': 'logs', 'debug': 'False', 'fail_fast': 'False', 'use_colors': 'True', 'use_experimental_parser': 'False', 'empty': 'None', 'quiet': 'False', 'no_print': 'None', 'log_format': 'default', 'static_parser': 'True', 'warn_error_options': 'WarnErrorOptions(include=[], exclude=[])', 'invocation_command': 'dbt init dexcom_glucose_analytics', 'target_path': 'None', 'introspect': 'True', 'send_anonymous_usage_stats': 'True'}
[0m11:58:32.660042 [debug] [MainThread]: Starter project path: C:\Users\krjam\dexcom\.venv\Lib\site-packages\dbt\include\starter_project
[0m11:58:32.676042 [info ] [MainThread]: 
Your new dbt project "dexcom_glucose_analytics" was created!

For more information on how to configure the profiles.yml file,
please consult the dbt documentation here:

  https://docs.getdbt.com/docs/configure-your-profile

One more thing:

Need help? Don't hesitate to reach out to us via GitHub issues or on Slack:

  https://community.getdbt.com/

Happy modeling!

[0m11:58:32.676042 [info ] [MainThread]: Setting up your profile.
[0m11:58:46.515861 [debug] [MainThread]: Command `dbt init` succeeded at 11:58:46.514861 after 13.98 seconds
[0m11:58:46.515861 [debug] [MainThread]: Sending event: {'category': 'dbt', 'action': 'invocation', 'label': 'end', 'context': [<snowplow_tracker.self_describing_json.SelfDescribingJson object at 0x0000024E2AFD7830>, <snowplow_tracker.self_describing_json.SelfDescribingJson object at 0x0000024E2B848800>, <snowplow_tracker.self_describing_json.SelfDescribingJson object at 0x0000024E2AFACE30>]}
[0m11:58:46.515861 [debug] [MainThread]: Flushing usage events
[0m11:58:46.720863 [debug] [MainThread]: An error was encountered while trying to flush usage events
[0m13:10:32.518207 [debug] [MainThread]: Sending event: {'category': 'dbt', 'action': 'invocation', 'label': 'start', 'context': [<snowplow_tracker.self_describing_json.SelfDescribingJson object at 0x000001D85DA49460>, <snowplow_tracker.self_describing_json.SelfDescribingJson object at 0x000001D85D577560>, <snowplow_tracker.self_describing_json.SelfDescribingJson object at 0x000001D85DA4AFF0>]}


============================== 13:10:32.520209 | c88dc334-2841-4f6c-b4e6-313cce21345d ==============================
[0m13:10:32.520209 [info ] [MainThread]: Running with dbt=1.9.4
[0m13:10:32.521204 [debug] [MainThread]: running dbt with arguments {'printer_width': '80', 'indirect_selection': 'eager', 'log_cache_events': 'False', 'write_json': 'True', 'partial_parse': 'True', 'cache_selected_only': 'False', 'warn_error': 'None', 'fail_fast': 'False', 'version_check': 'True', 'log_path': 'logs', 'debug': 'False', 'profiles_dir': 'C:\\Users\\krjam\\.dbt', 'use_colors': 'True', 'use_experimental_parser': 'False', 'empty': 'None', 'quiet': 'False', 'no_print': 'None', 'warn_error_options': 'WarnErrorOptions(include=[], exclude=[])', 'introspect': 'True', 'log_format': 'default', 'static_parser': 'True', 'target_path': 'None', 'invocation_command': 'dbt debug', 'send_anonymous_usage_stats': 'True'}
[0m13:10:32.530702 [info ] [MainThread]: dbt version: 1.9.4
[0m13:10:32.530702 [info ] [MainThread]: python version: 3.12.4
[0m13:10:32.531702 [info ] [MainThread]: python path: C:\Users\krjam\dexcom\.venv\Scripts\python.exe
[0m13:10:32.531702 [info ] [MainThread]: os info: Windows-11-10.0.26100-SP0
[0m13:10:32.535705 [info ] [MainThread]: Error importing adapter: No module named 'dbt.adapters.snowflake'
[0m13:10:32.587091 [info ] [MainThread]: Using profiles dir at C:\Users\krjam\.dbt
[0m13:10:32.587091 [info ] [MainThread]: Using profiles.yml file at C:\Users\krjam\.dbt\profiles.yml
[0m13:10:32.587091 [info ] [MainThread]: Using dbt_project.yml file at C:\Users\krjam\dexcom\dbt_project.yml
[0m13:10:32.588098 [info ] [MainThread]: Configuration:
[0m13:10:32.588098 [info ] [MainThread]:   profiles.yml file [[31mERROR invalid[0m]
[0m13:10:32.588098 [info ] [MainThread]:   dbt_project.yml file [[31mERROR not found[0m]
[0m13:10:32.588098 [info ] [MainThread]: Required dependencies:
[0m13:10:32.589094 [debug] [MainThread]: Executing "git --help"
[0m13:10:32.615093 [debug] [MainThread]: STDOUT: "b"usage: git [-v | --version] [-h | --help] [-C <path>] [-c <name>=<value>]\n           [--exec-path[=<path>]] [--html-path] [--man-path] [--info-path]\n           [-p | --paginate | -P | --no-pager] [--no-replace-objects] [--bare]\n           [--git-dir=<path>] [--work-tree=<path>] [--namespace=<name>]\n           [--config-env=<name>=<envvar>] <command> [<args>]\n\nThese are common Git commands used in various situations:\n\nstart a working area (see also: git help tutorial)\n   clone     Clone a repository into a new directory\n   init      Create an empty Git repository or reinitialize an existing one\n\nwork on the current change (see also: git help everyday)\n   add       Add file contents to the index\n   mv        Move or rename a file, a directory, or a symlink\n   restore   Restore working tree files\n   rm        Remove files from the working tree and from the index\n\nexamine the history and state (see also: git help revisions)\n   bisect    Use binary search to find the commit that introduced a bug\n   diff      Show changes between commits, commit and working tree, etc\n   grep      Print lines matching a pattern\n   log       Show commit logs\n   show      Show various types of objects\n   status    Show the working tree status\n\ngrow, mark and tweak your common history\n   branch    List, create, or delete branches\n   commit    Record changes to the repository\n   merge     Join two or more development histories together\n   rebase    Reapply commits on top of another base tip\n   reset     Reset current HEAD to the specified state\n   switch    Switch branches\n   tag       Create, list, delete or verify a tag object signed with GPG\n\ncollaborate (see also: git help workflows)\n   fetch     Download objects and refs from another repository\n   pull      Fetch from and integrate with another repository or a local branch\n   push      Update remote refs along with associated objects\n\n'git help -a' and 'git help -g' list available subcommands and some\nconcept guides. See 'git help <command>' or 'git help <concept>'\nto read about a specific subcommand or concept.\nSee 'git help git' for an overview of the system.\n""
[0m13:10:32.615093 [debug] [MainThread]: STDERR: "b''"
[0m13:10:32.616110 [info ] [MainThread]:  - git [[32mOK found[0m]

[0m13:10:32.616110 [info ] [MainThread]: Connection test skipped since no profile was found
[0m13:10:32.616110 [info ] [MainThread]: [31m2 checks failed:[0m
[0m13:10:32.617093 [info ] [MainThread]: Could not load dbt_project.yml
Profile loading failed for the following reason:
Runtime Error
  Credentials in profile "airbnb_project", target "dev" invalid: Runtime Error
    Could not find adapter type snowflake!


[0m13:10:32.617093 [info ] [MainThread]: Project loading failed for the following reason:
 project path <C:\Users\krjam\dexcom\dbt_project.yml> not found

[0m13:10:32.618092 [debug] [MainThread]: Command `dbt debug` failed at 13:10:32.618092 after 0.25 seconds
[0m13:10:32.618092 [debug] [MainThread]: Sending event: {'category': 'dbt', 'action': 'invocation', 'label': 'end', 'context': [<snowplow_tracker.self_describing_json.SelfDescribingJson object at 0x000001D85CD6A8D0>, <snowplow_tracker.self_describing_json.SelfDescribingJson object at 0x000001D85A29DF10>, <snowplow_tracker.self_describing_json.SelfDescribingJson object at 0x000001D85D24F020>]}
[0m13:10:32.618092 [debug] [MainThread]: Flushing usage events
[0m13:10:32.812347 [debug] [MainThread]: An error was encountered while trying to flush usage events
[0m13:11:48.294147 [debug] [MainThread]: Sending event: {'category': 'dbt', 'action': 'invocation', 'label': 'start', 'context': [<snowplow_tracker.self_describing_json.SelfDescribingJson object at 0x000001459A6DC2F0>, <snowplow_tracker.self_describing_json.SelfDescribingJson object at 0x000001459A535700>, <snowplow_tracker.self_describing_json.SelfDescribingJson object at 0x0000014596F07020>]}


============================== 13:11:48.297152 | 6a177b41-9d4d-4fc1-8d24-6c55abac3f1c ==============================
[0m13:11:48.297152 [info ] [MainThread]: Running with dbt=1.9.4
[0m13:11:48.297152 [debug] [MainThread]: running dbt with arguments {'printer_width': '80', 'indirect_selection': 'eager', 'log_cache_events': 'False', 'write_json': 'True', 'partial_parse': 'True', 'cache_selected_only': 'False', 'profiles_dir': 'C:\\Users\\krjam\\.dbt', 'fail_fast': 'False', 'warn_error': 'None', 'log_path': 'logs', 'debug': 'False', 'version_check': 'True', 'use_colors': 'True', 'use_experimental_parser': 'False', 'no_print': 'None', 'quiet': 'False', 'empty': 'None', 'log_format': 'default', 'invocation_command': 'dbt debug', 'warn_error_options': 'WarnErrorOptions(include=[], exclude=[])', 'introspect': 'True', 'target_path': 'None', 'static_parser': 'True', 'send_anonymous_usage_stats': 'True'}
[0m13:11:48.307153 [info ] [MainThread]: dbt version: 1.9.4
[0m13:11:48.307153 [info ] [MainThread]: python version: 3.12.4
[0m13:11:48.307153 [info ] [MainThread]: python path: C:\Users\krjam\dexcom\.venv\Scripts\python.exe
[0m13:11:48.308152 [info ] [MainThread]: os info: Windows-11-10.0.26100-SP0
[0m13:11:48.313159 [info ] [MainThread]: Error importing adapter: No module named 'dbt.adapters.snowflake'
[0m13:11:48.367152 [info ] [MainThread]: Using profiles dir at C:\Users\krjam\.dbt
[0m13:11:48.368152 [info ] [MainThread]: Using profiles.yml file at C:\Users\krjam\.dbt\profiles.yml
[0m13:11:48.368152 [info ] [MainThread]: Using dbt_project.yml file at C:\Users\krjam\dexcom\dbt_project.yml
[0m13:11:48.368152 [info ] [MainThread]: Configuration:
[0m13:11:48.369150 [info ] [MainThread]:   profiles.yml file [[31mERROR invalid[0m]
[0m13:11:48.369150 [info ] [MainThread]:   dbt_project.yml file [[31mERROR not found[0m]
[0m13:11:48.369150 [info ] [MainThread]: Required dependencies:
[0m13:11:48.369150 [debug] [MainThread]: Executing "git --help"
[0m13:11:48.395152 [debug] [MainThread]: STDOUT: "b"usage: git [-v | --version] [-h | --help] [-C <path>] [-c <name>=<value>]\n           [--exec-path[=<path>]] [--html-path] [--man-path] [--info-path]\n           [-p | --paginate | -P | --no-pager] [--no-replace-objects] [--bare]\n           [--git-dir=<path>] [--work-tree=<path>] [--namespace=<name>]\n           [--config-env=<name>=<envvar>] <command> [<args>]\n\nThese are common Git commands used in various situations:\n\nstart a working area (see also: git help tutorial)\n   clone     Clone a repository into a new directory\n   init      Create an empty Git repository or reinitialize an existing one\n\nwork on the current change (see also: git help everyday)\n   add       Add file contents to the index\n   mv        Move or rename a file, a directory, or a symlink\n   restore   Restore working tree files\n   rm        Remove files from the working tree and from the index\n\nexamine the history and state (see also: git help revisions)\n   bisect    Use binary search to find the commit that introduced a bug\n   diff      Show changes between commits, commit and working tree, etc\n   grep      Print lines matching a pattern\n   log       Show commit logs\n   show      Show various types of objects\n   status    Show the working tree status\n\ngrow, mark and tweak your common history\n   branch    List, create, or delete branches\n   commit    Record changes to the repository\n   merge     Join two or more development histories together\n   rebase    Reapply commits on top of another base tip\n   reset     Reset current HEAD to the specified state\n   switch    Switch branches\n   tag       Create, list, delete or verify a tag object signed with GPG\n\ncollaborate (see also: git help workflows)\n   fetch     Download objects and refs from another repository\n   pull      Fetch from and integrate with another repository or a local branch\n   push      Update remote refs along with associated objects\n\n'git help -a' and 'git help -g' list available subcommands and some\nconcept guides. See 'git help <command>' or 'git help <concept>'\nto read about a specific subcommand or concept.\nSee 'git help git' for an overview of the system.\n""
[0m13:11:48.396153 [debug] [MainThread]: STDERR: "b''"
[0m13:11:48.396153 [info ] [MainThread]:  - git [[32mOK found[0m]

[0m13:11:48.397152 [info ] [MainThread]: Connection test skipped since no profile was found
[0m13:11:48.397152 [info ] [MainThread]: [31m2 checks failed:[0m
[0m13:11:48.397152 [info ] [MainThread]: Could not load dbt_project.yml
Profile loading failed for the following reason:
Runtime Error
  Credentials in profile "airbnb_project", target "dev" invalid: Runtime Error
    Could not find adapter type snowflake!


[0m13:11:48.398151 [info ] [MainThread]: Project loading failed for the following reason:
 project path <C:\Users\krjam\dexcom\dbt_project.yml> not found

[0m13:11:48.398151 [debug] [MainThread]: Command `dbt debug` failed at 13:11:48.398151 after 0.22 seconds
[0m13:11:48.399163 [debug] [MainThread]: Sending event: {'category': 'dbt', 'action': 'invocation', 'label': 'end', 'context': [<snowplow_tracker.self_describing_json.SelfDescribingJson object at 0x000001459A6F4E30>, <snowplow_tracker.self_describing_json.SelfDescribingJson object at 0x000001459A754860>, <snowplow_tracker.self_describing_json.SelfDescribingJson object at 0x000001459A756420>]}
[0m13:11:48.399163 [debug] [MainThread]: Flushing usage events
[0m13:11:48.604405 [debug] [MainThread]: An error was encountered while trying to flush usage events
